{
  "stats": {
    "suites": 1,
    "tests": 3,
    "passes": 3,
    "pending": 0,
    "failures": 0,
    "start": "2026-05-13T17:07:46.131Z",
    "end": "2026-05-13T17:07:47.618Z",
    "duration": 1487,
    "testsRegistered": 3,
    "passPercent": 100,
    "pendingPercent": 0,
    "other": 0,
    "hasOther": false,
    "skipped": 0,
    "hasSkipped": false
  },
  "results": [
    {
      "uuid": "f77b1c29-8ec6-44b0-a891-c35ecbe3ff97",
      "title": "",
      "fullFile": "C:\\repositorio\\TCC-EBAC-QE\\API\\test\\api\\cupons.test.js",
      "file": "\\test\\api\\cupons.test.js",
      "beforeHooks": [],
      "afterHooks": [],
      "tests": [],
      "suites": [
        {
          "uuid": "b8cecef3-5162-4799-9c45-92c53ce3c088",
          "title": "API EBAC - Cupons",
          "fullFile": "C:\\repositorio\\TCC-EBAC-QE\\API\\test\\api\\cupons.test.js",
          "file": "\\test\\api\\cupons.test.js",
          "beforeHooks": [],
          "afterHooks": [],
          "tests": [
            {
              "title": "Deve listar todos os cupons cadastrados",
              "fullTitle": "API EBAC - Cupons Deve listar todos os cupons cadastrados",
              "timedOut": false,
              "duration": 511,
              "state": "passed",
              "speed": "slow",
              "pass": true,
              "fail": false,
              "pending": false,
              "context": null,
              "code": "const response = await request(baseUrl)\n  .get('/wp-json/wc/v3/coupons')\n  .set('Authorization', token)\nexpect(response.status).to.equal(200)\nexpect(response.body).to.be.an('array')",
              "err": {},
              "uuid": "1c36e7a9-1f3a-4278-a42e-8e71d2a2b297",
              "parentUUID": "b8cecef3-5162-4799-9c45-92c53ce3c088",
              "isHook": false,
              "skipped": false
            },
            {
              "title": "Deve cadastrar um novo cupom",
              "fullTitle": "API EBAC - Cupons Deve cadastrar um novo cupom",
              "timedOut": false,
              "duration": 710,
              "state": "passed",
              "speed": "slow",
              "pass": true,
              "fail": false,
              "pending": false,
              "context": null,
              "code": "const response = await request(baseUrl)\n  .post('/wp-json/wc/v3/coupons')\n  .set('Authorization', token)\n  .send({\n    code: couponCode,\n    amount: '10',\n    discount_type: 'fixed_product',\n    description: 'Cupom de desconto de teste'\n  })\nexpect(response.status).to.equal(201)\nexpect(response.body).to.have.property('id')\ncouponId = response.body.id",
              "err": {},
              "uuid": "f4b7173b-9365-4863-b3ea-93338595ded1",
              "parentUUID": "b8cecef3-5162-4799-9c45-92c53ce3c088",
              "isHook": false,
              "skipped": false
            },
            {
              "title": "Deve buscar cupom por ID",
              "fullTitle": "API EBAC - Cupons Deve buscar cupom por ID",
              "timedOut": false,
              "duration": 253,
              "state": "passed",
              "speed": "slow",
              "pass": true,
              "fail": false,
              "pending": false,
              "context": null,
              "code": "const response = await request(baseUrl)\n  .get(`/wp-json/wc/v3/coupons/${couponId}`)\n  .set('Authorization', token)\nexpect(response.status).to.equal(200)\nexpect(response.body).to.have.property('id', couponId)\nexpect(response.body).to.have.property('code', couponCode)",
              "err": {},
              "uuid": "c366f6ac-b920-44e3-acdb-a744ffff2a3c",
              "parentUUID": "b8cecef3-5162-4799-9c45-92c53ce3c088",
              "isHook": false,
              "skipped": false
            }
          ],
          "suites": [],
          "passes": [
            "1c36e7a9-1f3a-4278-a42e-8e71d2a2b297",
            "f4b7173b-9365-4863-b3ea-93338595ded1",
            "c366f6ac-b920-44e3-acdb-a744ffff2a3c"
          ],
          "failures": [],
          "pending": [],
          "skipped": [],
          "duration": 1474,
          "root": false,
          "rootEmpty": false,
          "_timeout": 2000
        }
      ],
      "passes": [],
      "failures": [],
      "pending": [],
      "skipped": [],
      "duration": 0,
      "root": true,
      "rootEmpty": true,
      "_timeout": 2000
    }
  ],
  "meta": {
    "mocha": {
      "version": "10.8.2"
    },
    "mochawesome": {
      "options": {
        "quiet": false,
        "reportFilename": "mochawesome",
        "saveHtml": true,
        "saveJson": true,
        "consoleReporter": "spec",
        "useInlineDiffs": false,
        "code": true
      },
      "version": "7.1.4"
    },
    "marge": {
      "options": {
        "reportDir": "reports",
        "overwrite": "false",
        "html": "true",
        "json": "true"
      },
      "version": "6.3.2"
    }
  }
}