{
  "stats": {
    "suites": 1,
    "tests": 3,
    "passes": 0,
    "pending": 0,
    "failures": 3,
    "start": "2026-05-13T17:06:21.813Z",
    "end": "2026-05-13T17:06:23.621Z",
    "duration": 1808,
    "testsRegistered": 3,
    "passPercent": 0,
    "pendingPercent": 0,
    "other": 0,
    "hasOther": false,
    "skipped": 0,
    "hasSkipped": false
  },
  "results": [
    {
      "uuid": "4c84623f-de47-47fd-aed3-669234526841",
      "title": "",
      "fullFile": "C:\\repositorio\\TCC-EBAC-QE\\API\\test\\api\\cupons.test.js",
      "file": "\\test\\api\\cupons.test.js",
      "beforeHooks": [],
      "afterHooks": [],
      "tests": [],
      "suites": [
        {
          "uuid": "7c543fb9-695b-4497-8eaf-95bd79a45faa",
          "title": "API EBAC - Cupons",
          "fullFile": "C:\\repositorio\\TCC-EBAC-QE\\API\\test\\api\\cupons.test.js",
          "file": "\\test\\api\\cupons.test.js",
          "beforeHooks": [],
          "afterHooks": [],
          "tests": [
            {
              "title": "Deve listar todos os cupons cadastrados",
              "fullTitle": "API EBAC - Cupons Deve listar todos os cupons cadastrados",
              "timedOut": false,
              "duration": 708,
              "state": "failed",
              "speed": null,
              "pass": false,
              "fail": true,
              "pending": false,
              "context": null,
              "code": "const response = await request(baseUrl)\n  .get('/wp-json/wc/v3/coupons')\n  .set('Authorization', token)\nexpect(response.status).to.equal(200)\nexpect(response.body).to.be.an('array')",
              "err": {
                "message": "ReferenceError: expect is not defined",
                "estack": "ReferenceError: expect is not defined\n    at Context.<anonymous> (test\\api\\cupons.test.js:16:5)\n    at process.processTicksAndRejections (node:internal/process/task_queues:95:5)",
                "diff": null
              },
              "uuid": "05e0d78c-f288-4fd8-84e7-fe4ea22667a3",
              "parentUUID": "7c543fb9-695b-4497-8eaf-95bd79a45faa",
              "isHook": false,
              "skipped": false
            },
            {
              "title": "Deve cadastrar um novo cupom",
              "fullTitle": "API EBAC - Cupons Deve cadastrar um novo cupom",
              "timedOut": false,
              "duration": 852,
              "state": "failed",
              "speed": null,
              "pass": false,
              "fail": true,
              "pending": false,
              "context": null,
              "code": "const response = await request(baseUrl)\n  .post('/wp-json/wc/v3/coupons')\n  .set('Authorization', token)\n  .send({\n    code: couponCode,\n    amount: '10',\n    discount_type: 'fixed_product',\n    description: 'Cupom de desconto de teste'\n  })\nexpect(response.status).to.equal(201)\nexpect(response.body).to.have.property('id')\ncouponId = response.body.id",
              "err": {
                "message": "ReferenceError: expect is not defined",
                "estack": "ReferenceError: expect is not defined\n    at Context.<anonymous> (test\\api\\cupons.test.js:31:5)\n    at process.processTicksAndRejections (node:internal/process/task_queues:95:5)",
                "diff": null
              },
              "uuid": "37dfeec0-43e0-4f98-a19b-03162f60029b",
              "parentUUID": "7c543fb9-695b-4497-8eaf-95bd79a45faa",
              "isHook": false,
              "skipped": false
            },
            {
              "title": "Deve buscar cupom por ID",
              "fullTitle": "API EBAC - Cupons Deve buscar cupom por ID",
              "timedOut": false,
              "duration": 225,
              "state": "failed",
              "speed": null,
              "pass": false,
              "fail": true,
              "pending": false,
              "context": null,
              "code": "const response = await request(baseUrl)\n  .get(`/wp-json/wc/v3/coupons/${couponId}`)\n  .set('Authorization', token)\nexpect(response.status).to.equal(200)\nexpect(response.body).to.have.property('id', couponId)\nexpect(response.body).to.have.property('code', couponCode)",
              "err": {
                "message": "ReferenceError: expect is not defined",
                "estack": "ReferenceError: expect is not defined\n    at Context.<anonymous> (test\\api\\cupons.test.js:42:5)\n    at process.processTicksAndRejections (node:internal/process/task_queues:95:5)",
                "diff": null
              },
              "uuid": "e8188d91-a0d6-4289-a580-11af9bdbf26a",
              "parentUUID": "7c543fb9-695b-4497-8eaf-95bd79a45faa",
              "isHook": false,
              "skipped": false
            }
          ],
          "suites": [],
          "passes": [],
          "failures": [
            "05e0d78c-f288-4fd8-84e7-fe4ea22667a3",
            "37dfeec0-43e0-4f98-a19b-03162f60029b",
            "e8188d91-a0d6-4289-a580-11af9bdbf26a"
          ],
          "pending": [],
          "skipped": [],
          "duration": 1785,
          "root": false,
          "rootEmpty": false,
          "_timeout": 2000
        }
      ],
      "passes": [],
      "failures": [],
      "pending": [],
      "skipped": [],
      "duration": 0,
      "root": true,
      "rootEmpty": true,
      "_timeout": 2000
    }
  ],
  "meta": {
    "mocha": {
      "version": "10.8.2"
    },
    "mochawesome": {
      "options": {
        "quiet": false,
        "reportFilename": "mochawesome",
        "saveHtml": true,
        "saveJson": true,
        "consoleReporter": "spec",
        "useInlineDiffs": false,
        "code": true
      },
      "version": "7.1.4"
    },
    "marge": {
      "options": {
        "reportDir": "reports",
        "overwrite": "false",
        "html": "true",
        "json": "true"
      },
      "version": "6.3.2"
    }
  }
}