{
  "stats": {
    "suites": 1,
    "tests": 4,
    "passes": 4,
    "pending": 0,
    "failures": 0,
    "start": "2026-05-13T17:43:27.479Z",
    "end": "2026-05-13T17:43:41.788Z",
    "duration": 14309,
    "testsRegistered": 4,
    "passPercent": 100,
    "pendingPercent": 0,
    "other": 0,
    "hasOther": false,
    "skipped": 0,
    "hasSkipped": false
  },
  "results": [
    {
      "uuid": "6b5a52f8-3a72-4481-9635-311cbdb582b5",
      "title": "",
      "fullFile": "cypress\\e2e\\login.cy.js",
      "file": "cypress\\e2e\\login.cy.js",
      "beforeHooks": [],
      "afterHooks": [],
      "tests": [],
      "suites": [
        {
          "uuid": "0269224d-a46b-4af7-b2ed-e1483967ce44",
          "title": "Login EBAC Shop",
          "fullFile": "",
          "file": "",
          "beforeHooks": [],
          "afterHooks": [],
          "tests": [
            {
              "title": "Deve fazer login com sucesso usando usuário ativo",
              "fullTitle": "Login EBAC Shop Deve fazer login com sucesso usando usuário ativo",
              "timedOut": null,
              "duration": 6405,
              "state": "passed",
              "speed": "medium",
              "pass": true,
              "fail": false,
              "pending": false,
              "context": null,
              "code": "cy.fixture('usuarios').then(usuarios => {\n  cy.login(usuarios.usuarioValido.username, usuarios.usuarioValido.password);\n  cy.get('.woocommerce-MyAccount-content').should('contain', 'Olá');\n});",
              "err": {},
              "uuid": "51658d0c-5490-4da7-80f0-c6c23aa553ea",
              "parentUUID": "0269224d-a46b-4af7-b2ed-e1483967ce44",
              "isHook": false,
              "skipped": false
            },
            {
              "title": "Deve exibir mensagem de erro ao informar usuário inválido",
              "fullTitle": "Login EBAC Shop Deve exibir mensagem de erro ao informar usuário inválido",
              "timedOut": null,
              "duration": 2778,
              "state": "passed",
              "speed": "fast",
              "pass": true,
              "fail": false,
              "pending": false,
              "context": null,
              "code": "cy.fixture('usuarios').then(usuarios => {\n  cy.login(usuarios.usuarioInvalido.username, usuarios.usuarioInvalido.password);\n  cy.get('.woocommerce-error').should('be.visible');\n});",
              "err": {},
              "uuid": "02f4a2de-38f9-4cde-971b-fcb805ab89fa",
              "parentUUID": "0269224d-a46b-4af7-b2ed-e1483967ce44",
              "isHook": false,
              "skipped": false
            },
            {
              "title": "Deve exibir mensagem de erro ao informar senha inválida",
              "fullTitle": "Login EBAC Shop Deve exibir mensagem de erro ao informar senha inválida",
              "timedOut": null,
              "duration": 2904,
              "state": "passed",
              "speed": "fast",
              "pass": true,
              "fail": false,
              "pending": false,
              "context": null,
              "code": "cy.fixture('usuarios').then(usuarios => {\n  cy.login(usuarios.senhaInvalida.username, usuarios.senhaInvalida.password);\n  cy.get('.woocommerce-error').should('be.visible');\n});",
              "err": {},
              "uuid": "0b2e6cfc-0b07-4748-a4b8-d6e373d7c76c",
              "parentUUID": "0269224d-a46b-4af7-b2ed-e1483967ce44",
              "isHook": false,
              "skipped": false
            },
            {
              "title": "Deve exibir mensagem de erro ao tentar login com campos vazios",
              "fullTitle": "Login EBAC Shop Deve exibir mensagem de erro ao tentar login com campos vazios",
              "timedOut": null,
              "duration": 1880,
              "state": "passed",
              "speed": "fast",
              "pass": true,
              "fail": false,
              "pending": false,
              "context": null,
              "code": "cy.visit('/minha-conta/');\ncy.get('.woocommerce-form > .button').click();\ncy.get('.woocommerce-error').should('be.visible');",
              "err": {},
              "uuid": "c062fa3e-0135-44e6-8001-2e0b3e6e111a",
              "parentUUID": "0269224d-a46b-4af7-b2ed-e1483967ce44",
              "isHook": false,
              "skipped": false
            }
          ],
          "suites": [],
          "passes": [
            "51658d0c-5490-4da7-80f0-c6c23aa553ea",
            "02f4a2de-38f9-4cde-971b-fcb805ab89fa",
            "0b2e6cfc-0b07-4748-a4b8-d6e373d7c76c",
            "c062fa3e-0135-44e6-8001-2e0b3e6e111a"
          ],
          "failures": [],
          "pending": [],
          "skipped": [],
          "duration": 13967,
          "root": false,
          "rootEmpty": false,
          "_timeout": 2000
        }
      ],
      "passes": [],
      "failures": [],
      "pending": [],
      "skipped": [],
      "duration": 0,
      "root": true,
      "rootEmpty": true,
      "_timeout": 2000
    }
  ],
  "meta": {
    "mocha": {
      "version": "7.2.0"
    },
    "mochawesome": {
      "options": {
        "quiet": false,
        "reportFilename": "mochawesome",
        "saveHtml": true,
        "saveJson": true,
        "consoleReporter": "spec",
        "useInlineDiffs": false,
        "code": true
      },
      "version": "7.1.4"
    },
    "marge": {
      "options": {
        "reportDir": "cypress/reports",
        "overwrite": false,
        "html": true,
        "json": true
      },
      "version": "6.3.2"
    }
  }
}