{
  "stats": {
    "suites": 1,
    "tests": 3,
    "passes": 3,
    "pending": 1,
    "failures": -1,
    "start": "2026-05-13T17:42:41.767Z",
    "end": "2026-05-13T17:43:22.671Z",
    "duration": 40904,
    "testsRegistered": 4,
    "passPercent": 100,
    "pendingPercent": 25,
    "other": 1,
    "hasOther": true,
    "skipped": 0,
    "hasSkipped": false
  },
  "results": [
    {
      "uuid": "785dda89-66df-406c-9b6d-9aa211091ae3",
      "title": "",
      "fullFile": "cypress\\e2e\\carrinho.cy.js",
      "file": "cypress\\e2e\\carrinho.cy.js",
      "beforeHooks": [],
      "afterHooks": [],
      "tests": [],
      "suites": [
        {
          "uuid": "1a51344b-63dd-46fe-a211-210076094d9c",
          "title": "Carrinho EBAC Shop",
          "fullFile": "",
          "file": "",
          "beforeHooks": [],
          "afterHooks": [],
          "tests": [
            {
              "title": "Deve adicionar produto ao carrinho com sucesso",
              "fullTitle": "Carrinho EBAC Shop Deve adicionar produto ao carrinho com sucesso",
              "timedOut": null,
              "duration": 0,
              "state": "pending",
              "speed": null,
              "pass": false,
              "fail": false,
              "pending": true,
              "context": null,
              "code": "cy.fixture('produtos').then(produtos => {\n  _produtos.default.visitarProduto(produtos[0].nomeProduto);\n  _produtos.default.adicionarProdutoAoCarrinho(produtos[0].tamanho, produtos[0].cor, produtos[0].quantidade);\n  cy.get('.woocommerce-message', {\n    timeout: 15000\n  }).should('contain', produtos[0].titulo);\n});",
              "err": {},
              "uuid": "7d6d1545-f52b-4137-aa6b-798c6690e355",
              "parentUUID": "1a51344b-63dd-46fe-a211-210076094d9c",
              "isHook": false,
              "skipped": false
            },
            {
              "title": "Deve exibir o produto adicionado no carrinho",
              "fullTitle": "Carrinho EBAC Shop Deve exibir o produto adicionado no carrinho",
              "timedOut": null,
              "duration": 15569,
              "state": "passed",
              "speed": "slow",
              "pass": true,
              "fail": false,
              "pending": false,
              "context": null,
              "code": "cy.fixture('produtos').then(produtos => {\n  _produtos.default.visitarProduto(produtos[0].nomeProduto);\n  _produtos.default.adicionarProdutoAoCarrinho(produtos[0].tamanho, produtos[0].cor, produtos[0].quantidade);\n  _produtos.default.acessarCarrinho();\n  cy.get('.cart_item', {\n    timeout: 15000\n  }).should('be.visible');\n});",
              "err": {},
              "uuid": "5a95df2e-acbd-4aa4-b22e-d64977b6aed4",
              "parentUUID": "1a51344b-63dd-46fe-a211-210076094d9c",
              "isHook": false,
              "skipped": false
            },
            {
              "title": "Deve atualizar a quantidade do produto no carrinho",
              "fullTitle": "Carrinho EBAC Shop Deve atualizar a quantidade do produto no carrinho",
              "timedOut": null,
              "duration": 12865,
              "state": "passed",
              "speed": "slow",
              "pass": true,
              "fail": false,
              "pending": false,
              "context": null,
              "code": "cy.fixture('produtos').then(produtos => {\n  _produtos.default.visitarProduto(produtos[0].nomeProduto);\n  _produtos.default.adicionarProdutoAoCarrinho(produtos[0].tamanho, produtos[0].cor, produtos[0].quantidade);\n  _produtos.default.acessarCarrinho();\n  cy.get('.qty', {\n    timeout: 15000\n  }).first().clear().type('3');\n  cy.get('[name=\"update_cart\"]').should('not.be.disabled').click();\n  cy.get('.woocommerce-message', {\n    timeout: 15000\n  }).should('be.visible');\n});",
              "err": {},
              "uuid": "524ace5c-9b02-4e9c-915b-c9951eea836e",
              "parentUUID": "1a51344b-63dd-46fe-a211-210076094d9c",
              "isHook": false,
              "skipped": false
            },
            {
              "title": "Deve validar o limite máximo de 10 itens do mesmo produto",
              "fullTitle": "Carrinho EBAC Shop Deve validar o limite máximo de 10 itens do mesmo produto",
              "timedOut": null,
              "duration": 12094,
              "state": "passed",
              "speed": "slow",
              "pass": true,
              "fail": false,
              "pending": false,
              "context": null,
              "code": "cy.fixture('produtos').then(produtos => {\n  _produtos.default.visitarProduto(produtos[0].nomeProduto);\n  _produtos.default.adicionarProdutoAoCarrinho(produtos[0].tamanho, produtos[0].cor, produtos[0].quantidade);\n  _produtos.default.acessarCarrinho();\n  cy.get('.qty', {\n    timeout: 15000\n  }).first().clear().type('11');\n  cy.get('[name=\"update_cart\"]').should('not.be.disabled').click();\n  cy.get('.woocommerce-error, .woocommerce-message', {\n    timeout: 15000\n  }).should('be.visible');\n});",
              "err": {},
              "uuid": "336f6fd9-3b70-47a5-86fb-aabc6acc5209",
              "parentUUID": "1a51344b-63dd-46fe-a211-210076094d9c",
              "isHook": false,
              "skipped": false
            }
          ],
          "suites": [],
          "passes": [
            "5a95df2e-acbd-4aa4-b22e-d64977b6aed4",
            "524ace5c-9b02-4e9c-915b-c9951eea836e",
            "336f6fd9-3b70-47a5-86fb-aabc6acc5209"
          ],
          "failures": [],
          "pending": [
            "7d6d1545-f52b-4137-aa6b-798c6690e355"
          ],
          "skipped": [],
          "duration": 40528,
          "root": false,
          "rootEmpty": false,
          "_timeout": 2000
        }
      ],
      "passes": [],
      "failures": [],
      "pending": [],
      "skipped": [],
      "duration": 0,
      "root": true,
      "rootEmpty": true,
      "_timeout": 2000
    }
  ],
  "meta": {
    "mocha": {
      "version": "7.2.0"
    },
    "mochawesome": {
      "options": {
        "quiet": false,
        "reportFilename": "mochawesome",
        "saveHtml": true,
        "saveJson": true,
        "consoleReporter": "spec",
        "useInlineDiffs": false,
        "code": true
      },
      "version": "7.1.4"
    },
    "marge": {
      "options": {
        "reportDir": "cypress/reports",
        "overwrite": false,
        "html": true,
        "json": true
      },
      "version": "6.3.2"
    }
  }
}