{
  "stats": {
    "suites": 1,
    "tests": 4,
    "passes": 4,
    "pending": 0,
    "failures": 0,
    "start": "2026-05-11T19:06:02.603Z",
    "end": "2026-05-11T19:06:18.191Z",
    "duration": 15588,
    "testsRegistered": 4,
    "passPercent": 100,
    "pendingPercent": 0,
    "other": 0,
    "hasOther": false,
    "skipped": 0,
    "hasSkipped": false
  },
  "results": [
    {
      "uuid": "9859a33b-da66-48f6-a5af-f946c109942f",
      "title": "",
      "fullFile": "cypress\\e2e\\login.cy.js",
      "file": "cypress\\e2e\\login.cy.js",
      "beforeHooks": [],
      "afterHooks": [],
      "tests": [],
      "suites": [
        {
          "uuid": "7f3cd025-6c70-44fc-a5d1-9f466b9745e5",
          "title": "Login EBAC Shop",
          "fullFile": "",
          "file": "",
          "beforeHooks": [],
          "afterHooks": [],
          "tests": [
            {
              "title": "Deve fazer login com sucesso usando usuário ativo",
              "fullTitle": "Login EBAC Shop Deve fazer login com sucesso usando usuário ativo",
              "timedOut": null,
              "duration": 7746,
              "state": "passed",
              "speed": "medium",
              "pass": true,
              "fail": false,
              "pending": false,
              "context": null,
              "code": "cy.fixture('usuarios').then(usuarios => {\n  cy.login(usuarios.usuarioValido.username, usuarios.usuarioValido.password);\n  cy.get('.woocommerce-MyAccount-content').should('contain', 'Olá');\n});",
              "err": {},
              "uuid": "4bd33a10-e446-4cca-9e5d-2d2e433c5dcc",
              "parentUUID": "7f3cd025-6c70-44fc-a5d1-9f466b9745e5",
              "isHook": false,
              "skipped": false
            },
            {
              "title": "Deve exibir mensagem de erro ao informar usuário inválido",
              "fullTitle": "Login EBAC Shop Deve exibir mensagem de erro ao informar usuário inválido",
              "timedOut": null,
              "duration": 2798,
              "state": "passed",
              "speed": "fast",
              "pass": true,
              "fail": false,
              "pending": false,
              "context": null,
              "code": "cy.fixture('usuarios').then(usuarios => {\n  cy.login(usuarios.usuarioInvalido.username, usuarios.usuarioInvalido.password);\n  cy.get('.woocommerce-error').should('be.visible');\n});",
              "err": {},
              "uuid": "e0833cd8-f3c6-4733-a916-3ccb9f7bca69",
              "parentUUID": "7f3cd025-6c70-44fc-a5d1-9f466b9745e5",
              "isHook": false,
              "skipped": false
            },
            {
              "title": "Deve exibir mensagem de erro ao informar senha inválida",
              "fullTitle": "Login EBAC Shop Deve exibir mensagem de erro ao informar senha inválida",
              "timedOut": null,
              "duration": 2774,
              "state": "passed",
              "speed": "fast",
              "pass": true,
              "fail": false,
              "pending": false,
              "context": null,
              "code": "cy.fixture('usuarios').then(usuarios => {\n  cy.login(usuarios.senhaInvalida.username, usuarios.senhaInvalida.password);\n  cy.get('.woocommerce-error').should('be.visible');\n});",
              "err": {},
              "uuid": "6b4b688d-9829-4f58-8825-812f8fac8f14",
              "parentUUID": "7f3cd025-6c70-44fc-a5d1-9f466b9745e5",
              "isHook": false,
              "skipped": false
            },
            {
              "title": "Deve exibir mensagem de erro ao tentar login com campos vazios",
              "fullTitle": "Login EBAC Shop Deve exibir mensagem de erro ao tentar login com campos vazios",
              "timedOut": null,
              "duration": 1870,
              "state": "passed",
              "speed": "fast",
              "pass": true,
              "fail": false,
              "pending": false,
              "context": null,
              "code": "cy.visit('/minha-conta/');\ncy.get('.woocommerce-form > .button').click();\ncy.get('.woocommerce-error').should('be.visible');",
              "err": {},
              "uuid": "09b46160-1abf-4713-bd42-33e29c390dd8",
              "parentUUID": "7f3cd025-6c70-44fc-a5d1-9f466b9745e5",
              "isHook": false,
              "skipped": false
            }
          ],
          "suites": [],
          "passes": [
            "4bd33a10-e446-4cca-9e5d-2d2e433c5dcc",
            "e0833cd8-f3c6-4733-a916-3ccb9f7bca69",
            "6b4b688d-9829-4f58-8825-812f8fac8f14",
            "09b46160-1abf-4713-bd42-33e29c390dd8"
          ],
          "failures": [],
          "pending": [],
          "skipped": [],
          "duration": 15188,
          "root": false,
          "rootEmpty": false,
          "_timeout": 2000
        }
      ],
      "passes": [],
      "failures": [],
      "pending": [],
      "skipped": [],
      "duration": 0,
      "root": true,
      "rootEmpty": true,
      "_timeout": 2000
    }
  ],
  "meta": {
    "mocha": {
      "version": "7.2.0"
    },
    "mochawesome": {
      "options": {
        "quiet": false,
        "reportFilename": "mochawesome",
        "saveHtml": true,
        "saveJson": true,
        "consoleReporter": "spec",
        "useInlineDiffs": false,
        "code": true
      },
      "version": "7.1.4"
    },
    "marge": {
      "options": {
        "reportDir": "cypress/reports",
        "overwrite": false,
        "html": true,
        "json": true
      },
      "version": "6.3.2"
    }
  }
}