{
  "stats": {
    "suites": 1,
    "tests": 4,
    "passes": 4,
    "pending": 0,
    "failures": 0,
    "start": "2026-05-11T22:22:40.316Z",
    "end": "2026-05-11T22:23:31.398Z",
    "duration": 51082,
    "testsRegistered": 4,
    "passPercent": 100,
    "pendingPercent": 0,
    "other": 0,
    "hasOther": false,
    "skipped": 0,
    "hasSkipped": false
  },
  "results": [
    {
      "uuid": "53f6b39c-8e97-496d-9ac1-087b9f057e79",
      "title": "",
      "fullFile": "cypress\\e2e\\carrinho.cy.js",
      "file": "cypress\\e2e\\carrinho.cy.js",
      "beforeHooks": [],
      "afterHooks": [],
      "tests": [],
      "suites": [
        {
          "uuid": "296d6961-1528-4edb-b740-14169600b165",
          "title": "Carrinho EBAC Shop",
          "fullFile": "",
          "file": "",
          "beforeHooks": [],
          "afterHooks": [],
          "tests": [
            {
              "title": "Deve adicionar produto ao carrinho com sucesso",
              "fullTitle": "Carrinho EBAC Shop Deve adicionar produto ao carrinho com sucesso",
              "timedOut": null,
              "duration": 14648,
              "state": "passed",
              "speed": "slow",
              "pass": true,
              "fail": false,
              "pending": false,
              "context": null,
              "code": "cy.fixture('produtos').then(produtos => {\n  _produtos.default.visitarProduto(produtos[0].nomeProduto);\n  _produtos.default.adicionarProdutoAoCarrinho(produtos[0].tamanho, produtos[0].cor, produtos[0].quantidade);\n  cy.get('.woocommerce-message', {\n    timeout: 15000\n  }).should('contain', produtos[0].titulo);\n});",
              "err": {},
              "uuid": "8f1a1bf9-96d4-478f-ac3a-ae60737c7a50",
              "parentUUID": "296d6961-1528-4edb-b740-14169600b165",
              "isHook": false,
              "skipped": false
            },
            {
              "title": "Deve exibir o produto adicionado no carrinho",
              "fullTitle": "Carrinho EBAC Shop Deve exibir o produto adicionado no carrinho",
              "timedOut": null,
              "duration": 11331,
              "state": "passed",
              "speed": "slow",
              "pass": true,
              "fail": false,
              "pending": false,
              "context": null,
              "code": "cy.fixture('produtos').then(produtos => {\n  _produtos.default.visitarProduto(produtos[0].nomeProduto);\n  _produtos.default.adicionarProdutoAoCarrinho(produtos[0].tamanho, produtos[0].cor, produtos[0].quantidade);\n  _produtos.default.acessarCarrinho();\n  cy.get('.cart_item', {\n    timeout: 15000\n  }).should('be.visible');\n});",
              "err": {},
              "uuid": "7332f7c2-a42d-41c0-8593-b404e7393920",
              "parentUUID": "296d6961-1528-4edb-b740-14169600b165",
              "isHook": false,
              "skipped": false
            },
            {
              "title": "Deve atualizar a quantidade do produto no carrinho",
              "fullTitle": "Carrinho EBAC Shop Deve atualizar a quantidade do produto no carrinho",
              "timedOut": null,
              "duration": 12227,
              "state": "passed",
              "speed": "slow",
              "pass": true,
              "fail": false,
              "pending": false,
              "context": null,
              "code": "cy.fixture('produtos').then(produtos => {\n  _produtos.default.visitarProduto(produtos[0].nomeProduto);\n  _produtos.default.adicionarProdutoAoCarrinho(produtos[0].tamanho, produtos[0].cor, produtos[0].quantidade);\n  _produtos.default.acessarCarrinho();\n  cy.get('.qty', {\n    timeout: 15000\n  }).first().clear().type('3');\n  cy.get('[name=\"update_cart\"]').should('not.be.disabled').click();\n  cy.get('.woocommerce-message', {\n    timeout: 15000\n  }).should('be.visible');\n});",
              "err": {},
              "uuid": "58e13e24-e0ba-40f8-89f1-f3f1bec54689",
              "parentUUID": "296d6961-1528-4edb-b740-14169600b165",
              "isHook": false,
              "skipped": false
            },
            {
              "title": "Deve validar o limite máximo de 10 itens do mesmo produto",
              "fullTitle": "Carrinho EBAC Shop Deve validar o limite máximo de 10 itens do mesmo produto",
              "timedOut": null,
              "duration": 12280,
              "state": "passed",
              "speed": "slow",
              "pass": true,
              "fail": false,
              "pending": false,
              "context": null,
              "code": "cy.fixture('produtos').then(produtos => {\n  _produtos.default.visitarProduto(produtos[0].nomeProduto);\n  _produtos.default.adicionarProdutoAoCarrinho(produtos[0].tamanho, produtos[0].cor, produtos[0].quantidade);\n  _produtos.default.acessarCarrinho();\n  cy.get('.qty', {\n    timeout: 15000\n  }).first().clear().type('11');\n  cy.get('[name=\"update_cart\"]').should('not.be.disabled').click();\n  cy.get('.woocommerce-error, .woocommerce-message', {\n    timeout: 15000\n  }).should('be.visible');\n});",
              "err": {},
              "uuid": "9aa13a67-8411-45b2-bf36-159819932ad9",
              "parentUUID": "296d6961-1528-4edb-b740-14169600b165",
              "isHook": false,
              "skipped": false
            }
          ],
          "suites": [],
          "passes": [
            "8f1a1bf9-96d4-478f-ac3a-ae60737c7a50",
            "7332f7c2-a42d-41c0-8593-b404e7393920",
            "58e13e24-e0ba-40f8-89f1-f3f1bec54689",
            "9aa13a67-8411-45b2-bf36-159819932ad9"
          ],
          "failures": [],
          "pending": [],
          "skipped": [],
          "duration": 50486,
          "root": false,
          "rootEmpty": false,
          "_timeout": 2000
        }
      ],
      "passes": [],
      "failures": [],
      "pending": [],
      "skipped": [],
      "duration": 0,
      "root": true,
      "rootEmpty": true,
      "_timeout": 2000
    }
  ],
  "meta": {
    "mocha": {
      "version": "7.2.0"
    },
    "mochawesome": {
      "options": {
        "quiet": false,
        "reportFilename": "mochawesome",
        "saveHtml": true,
        "saveJson": true,
        "consoleReporter": "spec",
        "useInlineDiffs": false,
        "code": true
      },
      "version": "7.1.4"
    },
    "marge": {
      "options": {
        "reportDir": "cypress/reports",
        "overwrite": false,
        "html": true,
        "json": true
      },
      "version": "6.3.2"
    }
  }
}