{
  "stats": {
    "suites": 1,
    "tests": 4,
    "passes": 4,
    "pending": 0,
    "failures": 0,
    "start": "2026-05-11T13:33:22.664Z",
    "end": "2026-05-11T13:33:42.741Z",
    "duration": 20077,
    "testsRegistered": 4,
    "passPercent": 100,
    "pendingPercent": 0,
    "other": 0,
    "hasOther": false,
    "skipped": 0,
    "hasSkipped": false
  },
  "results": [
    {
      "uuid": "956b0a56-0cf1-43c5-b516-6f4f7bee49f3",
      "title": "",
      "fullFile": "cypress\\e2e\\login.cy.js",
      "file": "cypress\\e2e\\login.cy.js",
      "beforeHooks": [],
      "afterHooks": [],
      "tests": [],
      "suites": [
        {
          "uuid": "3b522928-8d7c-471b-a088-8e8becdf7553",
          "title": "Login EBAC Shop",
          "fullFile": "",
          "file": "",
          "beforeHooks": [],
          "afterHooks": [],
          "tests": [
            {
              "title": "Deve fazer login com sucesso usando usuário ativo",
              "fullTitle": "Login EBAC Shop Deve fazer login com sucesso usando usuário ativo",
              "timedOut": null,
              "duration": 11877,
              "state": "passed",
              "speed": "slow",
              "pass": true,
              "fail": false,
              "pending": false,
              "context": null,
              "code": "cy.fixture('usuarios').then(usuarios => {\n  cy.login(usuarios.usuarioValido.username, usuarios.usuarioValido.password);\n  cy.get('.woocommerce-MyAccount-content').should('contain', 'Olá');\n});",
              "err": {},
              "uuid": "f4de4c13-3d64-406a-9d07-51a9fc591646",
              "parentUUID": "3b522928-8d7c-471b-a088-8e8becdf7553",
              "isHook": false,
              "skipped": false
            },
            {
              "title": "Deve exibir mensagem de erro ao informar usuário inválido",
              "fullTitle": "Login EBAC Shop Deve exibir mensagem de erro ao informar usuário inválido",
              "timedOut": null,
              "duration": 2899,
              "state": "passed",
              "speed": "fast",
              "pass": true,
              "fail": false,
              "pending": false,
              "context": null,
              "code": "cy.fixture('usuarios').then(usuarios => {\n  cy.login(usuarios.usuarioInvalido.username, usuarios.usuarioInvalido.password);\n  cy.get('.woocommerce-error').should('be.visible');\n});",
              "err": {},
              "uuid": "b2bb6b5c-c205-4691-9ef5-05aeb154c0c1",
              "parentUUID": "3b522928-8d7c-471b-a088-8e8becdf7553",
              "isHook": false,
              "skipped": false
            },
            {
              "title": "Deve exibir mensagem de erro ao informar senha inválida",
              "fullTitle": "Login EBAC Shop Deve exibir mensagem de erro ao informar senha inválida",
              "timedOut": null,
              "duration": 2728,
              "state": "passed",
              "speed": "fast",
              "pass": true,
              "fail": false,
              "pending": false,
              "context": null,
              "code": "cy.fixture('usuarios').then(usuarios => {\n  cy.login(usuarios.senhaInvalida.username, usuarios.senhaInvalida.password);\n  cy.get('.woocommerce-error').should('be.visible');\n});",
              "err": {},
              "uuid": "80717662-8668-4d8a-8be5-6a2543ef1174",
              "parentUUID": "3b522928-8d7c-471b-a088-8e8becdf7553",
              "isHook": false,
              "skipped": false
            },
            {
              "title": "Deve exibir mensagem de erro ao tentar login com campos vazios",
              "fullTitle": "Login EBAC Shop Deve exibir mensagem de erro ao tentar login com campos vazios",
              "timedOut": null,
              "duration": 1811,
              "state": "passed",
              "speed": "fast",
              "pass": true,
              "fail": false,
              "pending": false,
              "context": null,
              "code": "cy.visit('/minha-conta/');\ncy.get('.woocommerce-form > .button').click();\ncy.get('.woocommerce-error').should('be.visible');",
              "err": {},
              "uuid": "5dc77553-84dc-41b7-bcac-b24214e7ba79",
              "parentUUID": "3b522928-8d7c-471b-a088-8e8becdf7553",
              "isHook": false,
              "skipped": false
            }
          ],
          "suites": [],
          "passes": [
            "f4de4c13-3d64-406a-9d07-51a9fc591646",
            "b2bb6b5c-c205-4691-9ef5-05aeb154c0c1",
            "80717662-8668-4d8a-8be5-6a2543ef1174",
            "5dc77553-84dc-41b7-bcac-b24214e7ba79"
          ],
          "failures": [],
          "pending": [],
          "skipped": [],
          "duration": 19315,
          "root": false,
          "rootEmpty": false,
          "_timeout": 2000
        }
      ],
      "passes": [],
      "failures": [],
      "pending": [],
      "skipped": [],
      "duration": 0,
      "root": true,
      "rootEmpty": true,
      "_timeout": 2000
    }
  ],
  "meta": {
    "mocha": {
      "version": "7.2.0"
    },
    "mochawesome": {
      "options": {
        "quiet": false,
        "reportFilename": "mochawesome",
        "saveHtml": true,
        "saveJson": true,
        "consoleReporter": "spec",
        "useInlineDiffs": false,
        "code": true
      },
      "version": "7.1.4"
    },
    "marge": {
      "options": {
        "reportDir": "cypress/reports",
        "overwrite": false,
        "html": true,
        "json": true
      },
      "version": "6.3.2"
    }
  }
}