{
  "stats": {
    "suites": 1,
    "tests": 4,
    "passes": 4,
    "pending": 0,
    "failures": 0,
    "start": "2026-05-11T13:32:40.714Z",
    "end": "2026-05-11T13:33:11.672Z",
    "duration": 30958,
    "testsRegistered": 4,
    "passPercent": 100,
    "pendingPercent": 0,
    "other": 0,
    "hasOther": false,
    "skipped": 0,
    "hasSkipped": false
  },
  "results": [
    {
      "uuid": "2cda3673-1da3-4e2a-97c4-a21724b47a87",
      "title": "",
      "fullFile": "cypress\\e2e\\carrinho.cy.js",
      "file": "cypress\\e2e\\carrinho.cy.js",
      "beforeHooks": [],
      "afterHooks": [],
      "tests": [],
      "suites": [
        {
          "uuid": "31941b10-9be3-4576-9cc7-a1042aa23fba",
          "title": "Carrinho EBAC Shop",
          "fullFile": "",
          "file": "",
          "beforeHooks": [],
          "afterHooks": [],
          "tests": [
            {
              "title": "Deve adicionar produto ao carrinho com sucesso",
              "fullTitle": "Carrinho EBAC Shop Deve adicionar produto ao carrinho com sucesso",
              "timedOut": null,
              "duration": 7765,
              "state": "passed",
              "speed": "medium",
              "pass": true,
              "fail": false,
              "pending": false,
              "context": null,
              "code": "cy.adicionarProdutoAoCarrinho();\ncy.get('.woocommerce-message').should('contain', 'foi adicionado no seu carrinho');",
              "err": {},
              "uuid": "54bd0fe1-0ae3-40e3-88ce-884d1bf2b589",
              "parentUUID": "31941b10-9be3-4576-9cc7-a1042aa23fba",
              "isHook": false,
              "skipped": false
            },
            {
              "title": "Deve exibir o produto adicionado no carrinho",
              "fullTitle": "Carrinho EBAC Shop Deve exibir o produto adicionado no carrinho",
              "timedOut": null,
              "duration": 6495,
              "state": "passed",
              "speed": "medium",
              "pass": true,
              "fail": false,
              "pending": false,
              "context": null,
              "code": "cy.adicionarProdutoAoCarrinho();\ncy.get('.woocommerce-message a').click();\ncy.get('.cart_item').should('be.visible');",
              "err": {},
              "uuid": "768855c7-8710-45ab-a094-be4c50a0bdca",
              "parentUUID": "31941b10-9be3-4576-9cc7-a1042aa23fba",
              "isHook": false,
              "skipped": false
            },
            {
              "title": "Deve atualizar a quantidade do produto no carrinho",
              "fullTitle": "Carrinho EBAC Shop Deve atualizar a quantidade do produto no carrinho",
              "timedOut": null,
              "duration": 8009,
              "state": "passed",
              "speed": "medium",
              "pass": true,
              "fail": false,
              "pending": false,
              "context": null,
              "code": "cy.adicionarProdutoAoCarrinho();\ncy.get('.woocommerce-message a').click();\ncy.get('.qty').clear().type('2');\ncy.get('[name=\"update_cart\"]').click();\ncy.get('.woocommerce-message').should('be.visible');",
              "err": {},
              "uuid": "106a6396-93dd-48eb-ae71-08340e6895b7",
              "parentUUID": "31941b10-9be3-4576-9cc7-a1042aa23fba",
              "isHook": false,
              "skipped": false
            },
            {
              "title": "Deve validar o limite máximo de 10 itens do mesmo produto",
              "fullTitle": "Carrinho EBAC Shop Deve validar o limite máximo de 10 itens do mesmo produto",
              "timedOut": null,
              "duration": 8241,
              "state": "passed",
              "speed": "medium",
              "pass": true,
              "fail": false,
              "pending": false,
              "context": null,
              "code": "cy.adicionarProdutoAoCarrinho();\ncy.get('.woocommerce-message a').click();\ncy.get('.qty').clear().type('11');\ncy.get('[name=\"update_cart\"]').click();\ncy.wait(1000);\ncy.get('.woocommerce-error, .woocommerce-message').should('be.visible');",
              "err": {},
              "uuid": "3148c047-8efb-4cd5-aa17-78c744530256",
              "parentUUID": "31941b10-9be3-4576-9cc7-a1042aa23fba",
              "isHook": false,
              "skipped": false
            }
          ],
          "suites": [],
          "passes": [
            "54bd0fe1-0ae3-40e3-88ce-884d1bf2b589",
            "768855c7-8710-45ab-a094-be4c50a0bdca",
            "106a6396-93dd-48eb-ae71-08340e6895b7",
            "3148c047-8efb-4cd5-aa17-78c744530256"
          ],
          "failures": [],
          "pending": [],
          "skipped": [],
          "duration": 30510,
          "root": false,
          "rootEmpty": false,
          "_timeout": 2000
        }
      ],
      "passes": [],
      "failures": [],
      "pending": [],
      "skipped": [],
      "duration": 0,
      "root": true,
      "rootEmpty": true,
      "_timeout": 2000
    }
  ],
  "meta": {
    "mocha": {
      "version": "7.2.0"
    },
    "mochawesome": {
      "options": {
        "quiet": false,
        "reportFilename": "mochawesome",
        "saveHtml": true,
        "saveJson": true,
        "consoleReporter": "spec",
        "useInlineDiffs": false,
        "code": true
      },
      "version": "7.1.4"
    },
    "marge": {
      "options": {
        "reportDir": "cypress/reports",
        "overwrite": false,
        "html": true,
        "json": true
      },
      "version": "6.3.2"
    }
  }
}